
SQL*Loader: Release 11.2.0.2.0 - Production on Jeu. Janv. 23 01:56:20 2014

Copyright (c) 1982, 2009, Oracle and/or its affiliates.  All rights reserved.

Control File:   cog_ctl.txt
Character Set UTF8 specified for all input.

Data File:      cog.csv
  Bad File:     cog.bad
  Discard File:  none specified
 
 (Allow all discards)

Number to load: ALL
Number to skip: 0
Errors allowed: 50
Bind array:     64 rows, maximum of 256000 bytes
Continuation:    none specified
Path used:      Conventional

Table COG, loaded from every logical record.
Insert option in effect for this table: APPEND

   Column Name                  Position   Len  Term Encl Datatype
------------------------------ ---------- ----- ---- ---- ---------------------
CDC                                 FIRST     *  WHT      CHARACTER            
    SQL string for column : "to_char(:cdc)"
CL                                   NEXT     *  WHT      CHARACTER            
    SQL string for column : "to_char(:cl)"
CODEREG                              NEXT     *  WHT      CHARACTER            
    SQL string for column : "to_char(:codeReg)"
CODEDEP                              NEXT     *  WHT      CHARACTER            
    SQL string for column : "to_char(:codeDep)"
CODECOMMUNE                          NEXT     *  WHT      CHARACTER            
    SQL string for column : "to_char(:codeCommune)"
AR                                   NEXT     *  WHT      CHARACTER            
    SQL string for column : "to_char(:ar)"
CT                                   NEXT     *  WHT      CHARACTER            
    SQL string for column : "to_char(:ct)"
TNCC                                 NEXT     *  WHT      CHARACTER            
    SQL string for column : "to_char(:tncc)"
ARTMAJ                               NEXT     *  WHT      CHARACTER            
    SQL string for column : "to_char(:artmaj)"
NCC                                  NEXT     *  WHT      CHARACTER            
    SQL string for column : "to_char(:ncc)"
ARTMIN                               NEXT     *  WHT      CHARACTER            
    SQL string for column : "to_char(:artmin)"
NCCENR                               NEXT     *  WHT      CHARACTER            
    SQL string for column : "to_char(:nccenr)"

Record 1: Rejected - Error on table COG, column CDC.
ORA-12899: value too large for column "ONK"."COG"."CDC" (actual: 3, maximum: 1)


Table COG:
  36681 Rows successfully loaded.
  1 Row not loaded due to data errors.
  0 Rows not loaded because all WHEN clauses were failed.
  0 Rows not loaded because all fields were null.


Space allocated for bind array:                 198144 bytes(64 rows)
Read   buffer bytes: 1048576

Total logical records skipped:          0
Total logical records read:         36682
Total logical records rejected:         1
Total logical records discarded:        0

Run began on Jeu. Janv. 23 01:56:20 2014
Run ended on Jeu. Janv. 23 01:56:26 2014

Elapsed time was:     00:00:06.76
CPU time was:         00:00:00.25
