
SQL*Loader: Release 11.2.0.2.0 - Production on Jeu. Janv. 23 01:59:21 2014

Copyright (c) 1982, 2009, Oracle and/or its affiliates.  All rights reserved.

Control File:   departement_ctl.txt
Character Set UTF8 specified for all input.

Data File:      departement.csv
  Bad File:     departement.bad
  Discard File:  none specified
 
 (Allow all discards)

Number to load: ALL
Number to skip: 0
Errors allowed: 50
Bind array:     64 rows, maximum of 256000 bytes
Continuation:    none specified
Path used:      Conventional

Table DEPARTEMENT, loaded from every logical record.
Insert option in effect for this table: APPEND

   Column Name                  Position   Len  Term Encl Datatype
------------------------------ ---------- ----- ---- ---- ---------------------
REGION                              FIRST     *  WHT      CHARACTER            
    SQL string for column : "to_char(:region)"
DEPARTEMENT                          NEXT     *  WHT      CHARACTER            
    SQL string for column : "to_char(:departement)"
CHEFLIEU                             NEXT     *  WHT      CHARACTER            
    SQL string for column : "to_char(:cheflieu)"
TNCC                                 NEXT     *  WHT      CHARACTER            
    SQL string for column : "to_char(:tncc)"
NCC                                  NEXT     *  WHT      CHARACTER            
    SQL string for column : "to_char(:ncc)"
NCCENR                               NEXT     *  WHT      CHARACTER            
    SQL string for column : "to_char(:nccenr)"

Record 1: Rejected - Error on table DEPARTEMENT, column REGION.
ORA-12899: value too large for column "ONK"."DEPARTEMENT"."REGION" (actual: 6, maximum: 5)


Table DEPARTEMENT:
  101 Rows successfully loaded.
  1 Row not loaded due to data errors.
  0 Rows not loaded because all WHEN clauses were failed.
  0 Rows not loaded because all fields were null.


Space allocated for bind array:                  99072 bytes(64 rows)
Read   buffer bytes: 1048576

Total logical records skipped:          0
Total logical records read:           102
Total logical records rejected:         1
Total logical records discarded:        0

Run began on Jeu. Janv. 23 01:59:21 2014
Run ended on Jeu. Janv. 23 01:59:21 2014

Elapsed time was:     00:00:00.12
CPU time was:         00:00:00.01
